(---------------------------------------------------------------------)
(                                                                     )
(    Allegro Netrev Import Logic                                      )
(                                                                     )
(    Drawing          : 1.brd                                         )
(    Software Version : 22.1P001                                      )
(    Date/Time        : Mon Mar 16 14:33:37 2026                      )
(                                                                     )
(---------------------------------------------------------------------)


------ Directives ------------

Ripup etch:                  No
Ripup delete first segment:  No
Ripup retain bondwire:       No
Ripup symbols:               Never
Missing symbol has error:    No
DRC update:                  Yes
Schematic directory:         'C:/Version_11/NETLIST'
Design Directory:            'C:/Version_11/BOARD'
Old design name:             'C:/Version_11/BOARD/1.brd'
New design name:             'C:/Version_11/BOARD/1.brd'

CmdLine: netrev -$ -i C:/Version_11/NETLIST -y 3 -h -q netrev_constraint_report.xml C:/Version_11/BOARD/#Taaaaee29296.tmp

------ Preparing to read pst files ------

Starting to read C:/Version_11/NETLIST/pstchip.dat 
   Finished reading C:/Version_11/NETLIST/pstchip.dat (00:00:00.01)
Starting to read C:/Version_11/NETLIST/pstxprt.dat 
   Finished reading C:/Version_11/NETLIST/pstxprt.dat (00:00:00.00)
Starting to read C:/Version_11/NETLIST/pstxnet.dat 
   Finished reading C:/Version_11/NETLIST/pstxnet.dat (00:00:00.00)

------ Oversights/Warnings/Errors ------


------ Library Paths ------
MODULEPATH =  C:/Version_11/FOOTPRINT 
           C:/Version_11/BOARD 

PSMPATH =  C:/Version_11/FOOTPRINT 
           C:/Version_11/BOARD 

PADPATH =  C:/Version_11/FOOTPRINT 
           C:/Version_11/BOARD 


------ Summary Statistics ------


netrev run on Mar 16 14:33:37 2026
   DESIGN NAME : '123456'
   PACKAGING ON Oct  6 2022 20:42:06

   COMPILE 'logic'
   CHECK_PIN_NAMES OFF
   CROSS_REFERENCE OFF
   FEEDBACK OFF
   INCREMENTAL OFF
   INTERFACE_TYPE PHYSICAL
   MAX_ERRORS 500
   MERGE_MINIMUM 5
   NET_NAME_CHARS '#%&()*+-./:=>?@[]^_`|'
   NET_NAME_LENGTH 24
   OVERSIGHTS ON
   REPLACE_CHECK OFF
   SINGLE_NODE_NETS ON
   SPLIT_MINIMUM 0
   SUPPRESS   20
   WARNINGS ON

 No error detected
 No oversight detected
 No warning detected

cpu time      0:00:32
elapsed time  0:00:00

