(---------------------------------------------------------------------)
(                                                                     )
(    ARTWORK LOG                                                      )
(                                                                     )
(    Drawing          : 1.brd                                         )
(    Software Version : 22.1P001                                      )
(    Date/Time        : Mon Mar 16 15:45:37 2026                      )
(                                                                     )
(---------------------------------------------------------------------)


 ---- Photoplot outline rectangle not found; using drawing extents.



Results from parameter file ...
    DEVICE-TYPE           GERBER_RS274X
    OUTPUT-UNITS          MM
    FILM-SIZE             2400000 1600000
    FORMAT                2.5
    ABORT-ON-ERROR        NO
    SCALE                 1
    SUPPRESS-LEAD-ZEROES  YES
    SUPPRESS-TRAIL-ZEROES NO
    SUPPRESS-EQUAL        YES
    UNDEF-APT-CONT        NO



================================================================
     PROCESSING FILM < TOP >
     TO FILE < D:/CTW_SEVINA/PCB/DE10_NANO/Version_11/BOARD/TOP.art > ...
================================================================

  FILM PARAMETERS :
  ---------------------------------------------------------
  Undefined line width                0.1270
  Mirror code                         NONE
  Rotate angle                        NONE
  Offset x:                           0.0000
  Offset y:                           0.0000
  Plot negative                       NO
  Suppress unconnected internal pads  NO
  Draw holes only                     NO



  APERTURES USED:
  ---------------------------------------------------------
  TYPE       SIZE/NAME                   ROT   MIRROR MODE 
  ---------------------------------------------------------
  CIRCLE     0.20000                                  DARK 
  CIRCLE     0.30000                                  DARK 
  CIRCLE     0.40000                                  DARK 
  CIRCLE     0.50000                                  DARK 
  CIRCLE     0.60000                                  DARK 
  CIRCLE     0.80000                                  DARK 
  CIRCLE     0.98500                                  DARK 
  CIRCLE     1.00000                                  DARK 
  CIRCLE     1.16800                                  DARK 
  CIRCLE     1.37000                                  DARK 
  CIRCLE     1.60000                                  DARK 
  CIRCLE     3.21000                                  DARK 
  SQUARE     0.98500                     0.000 NO     DARK 
  SQUARE     1.16800                     0.000 NO     DARK 
  SQUARE     1.37000                     0.000 NO     DARK 
  RECTANGLE  0.55000     x 0.25000       0.000 NO     DARK 
  RECTANGLE  0.88900     x 1.47320      90.000 NO     DARK 
  RECTANGLE  0.90000     x 2.00000      90.000 NO     DARK 
  RECTANGLE  1.00000     x 1.40000       0.000 NO     DARK 
  RECTANGLE  1.01600     x 1.19380       0.000 NO     DARK 
  RECTANGLE  1.01600     x 1.19380      90.000 NO     DARK 
  RECTANGLE  1.01600     x 1.20000       0.000 NO     DARK 
  RECTANGLE  1.10000     x 0.30000       0.000 NO     DARK 
  RECTANGLE  1.16000     x 1.47000       0.000 NO     DARK 
  RECTANGLE  1.16000     x 1.47000      90.000 NO     DARK 
  RECTANGLE  1.33000     x 1.33000      90.000 NO     DARK 
  RECTANGLE  2.00000     x 0.90000      90.000 NO     DARK 
  RECTANGLE  3.10000     x 2.30000       0.000 NO     DARK 
  PAD SHAPE  PS_R71_53_D250             90.000 NO     DARK 

     TOP created.


================================================================
     PROCESSING FILM < GND >
     TO FILE < D:/CTW_SEVINA/PCB/DE10_NANO/Version_11/BOARD/GND.art > ...
================================================================

  FILM PARAMETERS :
  ---------------------------------------------------------
  Undefined line width                0.1270
  Mirror code                         NONE
  Rotate angle                        NONE
  Offset x:                           0.0000
  Offset y:                           0.0000
  Plot negative                       NO
  Suppress unconnected internal pads  NO
  Draw holes only                     NO



  APERTURES USED:
  ---------------------------------------------------------
  TYPE       SIZE/NAME                   ROT   MIRROR MODE 
  ---------------------------------------------------------
  CIRCLE     0.25400                                  DARK 
  CIRCLE     0.30000                                  DARK 
  CIRCLE     0.80000                                  DARK 
  CIRCLE     0.98500                                  DARK 
  CIRCLE     1.16800                                  DARK 
  CIRCLE     1.37000                                  DARK 
  CIRCLE     1.60000                                  DARK 

     GND created.


================================================================
     PROCESSING FILM < POWER >
     TO FILE < D:/CTW_SEVINA/PCB/DE10_NANO/Version_11/BOARD/POWER.art > ...
================================================================

  FILM PARAMETERS :
  ---------------------------------------------------------
  Undefined line width                0.1270
  Mirror code                         NONE
  Rotate angle                        NONE
  Offset x:                           0.0000
  Offset y:                           0.0000
  Plot negative                       NO
  Suppress unconnected internal pads  NO
  Draw holes only                     NO



  APERTURES USED:
  ---------------------------------------------------------
  TYPE       SIZE/NAME                   ROT   MIRROR MODE 
  ---------------------------------------------------------
  CIRCLE     0.30000                                  DARK 
  CIRCLE     0.80000                                  DARK 
  CIRCLE     0.98500                                  DARK 
  CIRCLE     1.16800                                  DARK 
  CIRCLE     1.37000                                  DARK 
  CIRCLE     1.60000                                  DARK 

     POWER created.


================================================================
     PROCESSING FILM < BOTTOM >
     TO FILE < D:/CTW_SEVINA/PCB/DE10_NANO/Version_11/BOARD/BOTTOM.art > ...
================================================================

  FILM PARAMETERS :
  ---------------------------------------------------------
  Undefined line width                0.1270
  Mirror code                         NONE
  Rotate angle                        NONE
  Offset x:                           0.0000
  Offset y:                           0.0000
  Plot negative                       NO
  Suppress unconnected internal pads  NO
  Draw holes only                     NO



  APERTURES USED:
  ---------------------------------------------------------
  TYPE       SIZE/NAME                   ROT   MIRROR MODE 
  ---------------------------------------------------------
  CIRCLE     0.20000                                  DARK 
  CIRCLE     0.25400                                  DARK 
  CIRCLE     0.30000                                  DARK 
  CIRCLE     0.40000                                  DARK 
  CIRCLE     0.60000                                  DARK 
  CIRCLE     0.80000                                  DARK 
  CIRCLE     0.98500                                  DARK 
  CIRCLE     1.00000                                  DARK 
  CIRCLE     1.16800                                  DARK 
  CIRCLE     1.37000                                  DARK 
  CIRCLE     1.60000                                  DARK 
  CIRCLE     3.21000                                  DARK 
  SQUARE     0.98500                     0.000 NO     DARK 
  SQUARE     1.16800                     0.000 NO     DARK 
  SQUARE     1.37000                     0.000 NO     DARK 
  RECTANGLE  1.01600     x 1.19380       0.000 NO     DARK 
  RECTANGLE  1.16000     x 1.47000       0.000 NO     DARK 
  PAD SHAPE  PS_R88_88_D250             90.000 YES    DARK 
  PAD SHAPE  PS_R88_88_D250            270.000 YES    DARK 

     BOTTOM created.


================================================================
     PROCESSING FILM < Silkscreen_bottom >
     TO FILE < D:/CTW_SEVINA/PCB/DE10_NANO/Version_11/BOARD/Silkscreen_bottom.art > ...
================================================================

  FILM PARAMETERS :
  ---------------------------------------------------------
  Undefined line width                0.1270
  Mirror code                         NONE
  Rotate angle                        NONE
  Offset x:                           0.0000
  Offset y:                           0.0000
  Plot negative                       NO
  Suppress unconnected internal pads  NO
  Draw holes only                     NO

    WARNING: text composed 0 width line found at (30.5400 34.0500)
           ... using undefined line width of 0.1270

    WARNING: text having Multiple 0 width lines; all will be treated the same as the first.
           ... using undefined line width of 0.1270



  APERTURES USED:
  ---------------------------------------------------------
  TYPE       SIZE/NAME                   ROT   MIRROR MODE 
  ---------------------------------------------------------
  CIRCLE     0.12700                                  DARK 

     Silkscreen_bottom created with warnings


================================================================
     PROCESSING FILM < Silkscreen_Top >
     TO FILE < D:/CTW_SEVINA/PCB/DE10_NANO/Version_11/BOARD/Silkscreen_Top.art > ...
================================================================

  FILM PARAMETERS :
  ---------------------------------------------------------
  Undefined line width                0.1270
  Mirror code                         NONE
  Rotate angle                        NONE
  Offset x:                           0.0000
  Offset y:                           0.0000
  Plot negative                       NO
  Suppress unconnected internal pads  NO
  Draw holes only                     NO



  APERTURES USED:
  ---------------------------------------------------------
  TYPE       SIZE/NAME                   ROT   MIRROR MODE 
  ---------------------------------------------------------
  CIRCLE     0.12700                                  DARK 
  CIRCLE     0.15240                                  DARK 
  CIRCLE     0.20000                                  DARK 
  CIRCLE     0.20320                                  DARK 

     Silkscreen_Top created.


================================================================
     PROCESSING FILM < Soldermask_bottom >
     TO FILE < D:/CTW_SEVINA/PCB/DE10_NANO/Version_11/BOARD/Soldermask_bottom.art > ...
================================================================

  FILM PARAMETERS :
  ---------------------------------------------------------
  Undefined line width                0.1270
  Mirror code                         NONE
  Rotate angle                        NONE
  Offset x:                           0.0000
  Offset y:                           0.0000
  Plot negative                       NO
  Suppress unconnected internal pads  NO
  Draw holes only                     NO



  APERTURES USED:
  ---------------------------------------------------------
  TYPE       SIZE/NAME                   ROT   MIRROR MODE 
  ---------------------------------------------------------
  CIRCLE     0.12700                                  DARK 
  CIRCLE     0.50000                                  DARK 
  CIRCLE     1.18500                                  DARK 
  CIRCLE     1.36800                                  DARK 
  CIRCLE     1.57000                                  DARK 
  CIRCLE     1.70000                                  DARK 
  SQUARE     1.18500                     0.000 NO     DARK 
  SQUARE     1.36800                     0.000 NO     DARK 
  SQUARE     1.57000                     0.000 NO     DARK 
  RECTANGLE  1.01600     x 1.19380       0.000 NO     DARK 
  RECTANGLE  1.36000     x 1.67000       0.000 NO     DARK 
  PAD SHAPE  PS_R88_88_D250             90.000 YES    DARK 
  PAD SHAPE  PS_R88_88_D250            270.000 YES    DARK 

     Soldermask_bottom created.


================================================================
     PROCESSING FILM < Soldermask_top >
     TO FILE < D:/CTW_SEVINA/PCB/DE10_NANO/Version_11/BOARD/Soldermask_top.art > ...
================================================================

  FILM PARAMETERS :
  ---------------------------------------------------------
  Undefined line width                0.1270
  Mirror code                         NONE
  Rotate angle                        NONE
  Offset x:                           0.0000
  Offset y:                           0.0000
  Plot negative                       NO
  Suppress unconnected internal pads  NO
  Draw holes only                     NO

    WARNING: Arc segment with end points of
	(82.61, 27.37) and (82.35 27.37) converted to a line.
	Its center location (81.40 -119.39) is too large for
	specified integer accuracy of 2 places.

    WARNING: Arc segment with end points of
	(86.98, 26.73) and (87.24 26.73) converted to a line.
	Its center location (86.40 157.19) is too large for
	specified integer accuracy of 2 places.

    WARNING: Arc segment with end points of
	(86.98, 26.92) and (86.78 26.92) converted to a line.
	Its center location (87.60 135.79) is too large for
	specified integer accuracy of 2 places.

    WARNING: Arc segment with end points of
	(87.65, 27.38) and (87.35 27.38) converted to a line.
	Its center location (85.79 -126.18) is too large for
	specified integer accuracy of 2 places.

    WARNING: Arc segment with end points of
	(85.25, 29.85) and (85.24 30.15) converted to a line.
	Its center location (-27.66 29.25) is too large for
	specified integer accuracy of 2 places.

    WARNING: Arc segment with end points of
	(82.28, 28.26) and (81.94 28.26) converted to a line.
	Its center location (82.11 -154.38) is too large for
	specified integer accuracy of 2 places.

    WARNING: Arc segment with end points of
	(91.56, 61.29) and (90.60 61.29) converted to a line.
	Its center location (90.55 -151.02) is too large for
	specified integer accuracy of 2 places.

    WARNING: Arc segment with end points of
	(85.44, 12.86) and (85.30 12.61) converted to a line.
	Its center location (209.10 -58.54) is too large for
	specified integer accuracy of 2 places.

    WARNING: Arc segment with end points of
	(85.87, 18.93) and (86.26 18.94) converted to a line.
	Its center location (85.87 150.58) is too large for
	specified integer accuracy of 2 places.

    WARNING: Arc segment with end points of
	(86.70, 19.23) and (86.44 19.23) converted to a line.
	Its center location (85.62 -120.43) is too large for
	specified integer accuracy of 2 places.

    WARNING: Arc segment with end points of
	(86.44, 19.23) and (86.14 19.23) converted to a line.
	Its center location (85.81 -90.43) is too large for
	specified integer accuracy of 2 places.

    WARNING: Arc segment with end points of
	(86.14, 19.23) and (85.84 19.23) converted to a line.
	Its center location (85.81 -85.20) is too large for
	specified integer accuracy of 2 places.

    WARNING: Arc segment with end points of
	(85.59, 17.49) and (85.77 17.56) converted to a line.
	Its center location (123.15 -84.04) is too large for
	specified integer accuracy of 2 places.

    WARNING: Arc segment with end points of
	(86.37, 19.52) and (86.58 19.52) converted to a line.
	Its center location (86.04 134.77) is too large for
	specified integer accuracy of 2 places.

    WARNING: Arc segment with end points of
	(87.37, 43.87) and (87.71 43.87) converted to a line.
	Its center location (88.62 177.16) is too large for
	specified integer accuracy of 2 places.

    WARNING: Arc segment with end points of
	(88.57, 43.13) and (88.22 43.13) converted to a line.
	Its center location (87.06 208.86) is too large for
	specified integer accuracy of 2 places.

    WARNING: Arc segment with end points of
	(87.18, 47.38) and (87.58 47.52) converted to a line.
	Its center location (16.03 244.45) is too large for
	specified integer accuracy of 2 places.

    WARNING: Arc segment with end points of
	(88.53, 47.33) and (88.21 47.22) converted to a line.
	Its center location (150.37 -137.67) is too large for
	specified integer accuracy of 2 places.

    WARNING: Arc segment with end points of
	(88.24, 46.82) and (88.68 46.67) converted to a line.
	Its center location (131.19 173.17) is too large for
	specified integer accuracy of 2 places.

    WARNING: Arc segment with end points of
	(87.21, 45.41) and (86.56 45.30) converted to a line.
	Its center location (141.39 -288.73) is too large for
	specified integer accuracy of 2 places.

    WARNING: Arc segment with end points of
	(88.94, 51.32) and (90.20 51.32) converted to a line.
	Its center location (89.35 358.59) is too large for
	specified integer accuracy of 2 places.

    WARNING: Arc segment with end points of
	(91.25, 52.29) and (91.26 53.40) converted to a line.
	Its center location (-472.68 53.91) is too large for
	specified integer accuracy of 2 places.

    WARNING: Arc segment with end points of
	(84.96, 55.11) and (84.96 55.49) converted to a line.
	Its center location (221.04 55.09) is too large for
	specified integer accuracy of 2 places.



  APERTURES USED:
  ---------------------------------------------------------
  TYPE       SIZE/NAME                   ROT   MIRROR MODE 
  ---------------------------------------------------------
  CIRCLE     0.03000                                  DARK 
  CIRCLE     0.05000                                  DARK 
  CIRCLE     0.10000                                  DARK 
  CIRCLE     0.12700                                  DARK 
  CIRCLE     0.20000                                  DARK 
  CIRCLE     0.50000                                  DARK 
  CIRCLE     1.18500                                  DARK 
  CIRCLE     1.36800                                  DARK 
  CIRCLE     1.57000                                  DARK 
  CIRCLE     1.70000                                  DARK 
  SQUARE     1.18500                     0.000 NO     DARK 
  SQUARE     1.36800                     0.000 NO     DARK 
  SQUARE     1.57000                     0.000 NO     DARK 
  RECTANGLE  0.75000     x 0.45000       0.000 NO     DARK 
  RECTANGLE  0.88900     x 1.47320      90.000 NO     DARK 
  RECTANGLE  1.01600     x 1.19380       0.000 NO     DARK 
  RECTANGLE  1.01600     x 1.19380      90.000 NO     DARK 
  RECTANGLE  1.10000     x 2.20000      90.000 NO     DARK 
  RECTANGLE  1.20000     x 1.60000       0.000 NO     DARK 
  RECTANGLE  1.21600     x 1.40000       0.000 NO     DARK 
  RECTANGLE  1.30000     x 0.50000       0.000 NO     DARK 
  RECTANGLE  1.36000     x 1.67000       0.000 NO     DARK 
  RECTANGLE  1.36000     x 1.67000      90.000 NO     DARK 
  RECTANGLE  1.53000     x 1.53000      90.000 NO     DARK 
  RECTANGLE  2.20000     x 1.10000      90.000 NO     DARK 
  RECTANGLE  3.30000     x 2.50000       0.000 NO     DARK 
  PAD SHAPE  PS_R90_73_D250             90.000 NO     DARK 

     Soldermask_top created with warnings


================================================================
     PROCESSING FILM < Drill >
     TO FILE < D:/CTW_SEVINA/PCB/DE10_NANO/Version_11/BOARD/Drill.art > ...
================================================================

  FILM PARAMETERS :
  ---------------------------------------------------------
  Undefined line width                0.0000
  Mirror code                         NONE
  Rotate angle                        NONE
  Offset x:                           0.0000
  Offset y:                           0.0000
  Plot negative                       NO
  Suppress unconnected internal pads  NO
  Draw holes only                     NO

    WARNING: 0 width line found at (-3.1800 67.9100)
           ... ignored.

    WARNING: Multiple 0 width lines; all will be treated the same as the first.
           ... ignored.



  APERTURES USED:
  ---------------------------------------------------------
  TYPE       SIZE/NAME                   ROT   MIRROR MODE 
  ---------------------------------------------------------
  CIRCLE     0.12700                                  DARK 

     Drill created with warnings


------------------------------------------------------
 SUMMARY:
        TOP created.
        GND created.
        POWER created.
        BOTTOM created.
        Silkscreen_bottom created with warnings
        Silkscreen_Top created.
        Soldermask_bottom created.
        Soldermask_top created with warnings
        Drill created with warnings

 ARTWORK had warnings
